{"name":"Fruit","fields":[]}
{"name":"Fruit","fields":[{"id":0,"type":"String","name":"color"},{"id":1,"type":"bool","name":"blub"},{"id":2,"type":"int","name":"amount"}]}
{"name":"Fruit","fields":[]}
{"name":"Fruit","tracking_code":"jI1mkQgN8EoVLUsTFpJQaNlk9KHaiP8f","fields":[{"id":0,"type":"String","type_tracking_code":"String","name":"color"},{"id":1,"type":"bool","type_tracking_code":"bool","name":"blub"},{"id":2,"type":"int","type_tracking_code":"int","name":"amount"}]}
{"name":"Fruit","tracking_code":"jI1mkQgN8EoVLUsTFpJQaNlk9KHaiP8f","fields":[{"id":0,"type":"String","type_tracking_code":"String","name":"color"},{"id":1,"type":"bool","type_tracking_code":"bool","name":"blub"},{"id":2,"type":"int","type_tracking_code":"int","name":"amount"}]}
{
  "name": "Fruit",
  "tracking_code": "jI1mkQgN8EoVLUsTFpJQaNlk9KHaiP8f",
  "fields": [
    {
      "id": 0,
      "type": "String",
      "type_tracking_code": "String",
      "name": "color"
    },
    {
      "id": 1,
      "type": "bool",
      "type_tracking_code": "bool",
      "name": "blub"
    },
    {
      "id": 2,
      "type": "int",
      "type_tracking_code": "int",
      "name": "amount"
    }
  ]
}
{
  "name": "Fruit",
  "tracking_code": "jI1mkQgN8EoVLUsTFpJQaNlk9KHaiP8f",
  "fields": [
    {
      "id": 0,
      "type": "String",
      "type_tracking_code": "String",
      "name": "color"
    },
    {
      "id": 1,
      "type": "bool",
      "type_tracking_code": "bool",
      "name": "blub"
    },
    {
      "id": 2,
      "type": "int",
      "type_tracking_code": "int",
      "name": "amount"
    }
  ]
}
{
  "name": "Fruit",
  "tracking_code": "jI1mkQgN8EoVLUsTFpJQaNlk9KHaiP8f",
  "fields": [
    {
      "id": 0,
      "type": "String",
      "type_tracking_code": "String",
      "name": "color"
    },
    {
      "id": 1,
      "type": "bool",
      "type_tracking_code": "bool",
      "name": "blub"
    },
    {
      "id": 2,
      "type": "int",
      "type_tracking_code": "int",
      "name": "amount"
    }
  ]
}
{
  "name": "User",
  "tracking_code": "DUgcHXvONuSNbiqEphWwsjYBJYNqE6uW",
  "fields": [
    {
      "id": 1,
      "type": "String",
      "type_tracking_code": "String",
      "name": "name"
    },
    {
      "id": 2,
      "type": "Fruit",
      "type_tracking_code": "jI1mkQgN8EoVLUsTFpJQaNlk9KHaiP8f",
      "name": "favoriteFruit"
    }
  ]
}
{
  "name": "Fruit",
  "tracking_code": "aVvYHJi6FEuMMc1VBpghBYzpYHgdBzgx",
  "fields": [
    {
      "id": 0,
      "type": "String",
      "type_tracking_code": "String",
      "name": "color"
    },
    {
      "id": 1,
      "type": "bool",
      "type_tracking_code": "bool",
      "name": "blub"
    },
    {
      "id": 2,
      "type": "int",
      "type_tracking_code": "int",
      "name": "amount"
    }
  ]
}
{
  "name": "User",
  "tracking_code": "DUgcHXvONuSNbiqEphWwsjYBJYNqE6uW",
  "fields": [
    {
      "id": 1,
      "type": "String",
      "type_tracking_code": "String",
      "name": "name"
    },
    {
      "id": 2,
      "type": "Fruit",
      "type_tracking_code": "aVvYHJi6FEuMMc1VBpghBYzpYHgdBzgx",
      "name": "favoriteFruit"
    }
  ]
}
{
  "name": "Fruit",
  "tracking_code": "aVvYHJi6FEuMMc1VBpghBYzpYHgdBzgx",
  "fields": [
    {
      "id": 0,
      "type": "String",
      "type_tracking_code": "String",
      "name": "color"
    },
    {
      "id": 1,
      "type": "bool",
      "type_tracking_code": "bool",
      "name": "blub"
    },
    {
      "id": 2,
      "type": "int",
      "type_tracking_code": "int",
      "name": "amount"
    }
  ]
}
{
  "name": "User",
  "tracking_code": "DUgcHXvONuSNbiqEphWwsjYBJYNqE6uW",
  "fields": [
    {
      "id": 1,
      "type": "String",
      "type_tracking_code": "String",
      "name": "name"
    },
    {
      "id": 2,
      "type": "Fruit",
      "type_tracking_code": "aVvYHJi6FEuMMc1VBpghBYzpYHgdBzgx",
      "name": "favoriteFruit"
    }
  ]
}
{
  "name": "User",
  "tracking_code": "DUgcHXvONuSNbiqEphWwsjYBJYNqE6uW",
  "fields": [
    {
      "id": 1,
      "type": "String",
      "type_tracking_code": "String",
      "name": "name"
    },
    {
      "id": 2,
      "type": "Fruit",
      "type_tracking_code": "aVvYHJi6FEuMMc1VBpghBYzpYHgdBzgx",
      "name": "favoriteFruit"
    }
  ]
}
{
  "name": "User",
  "tracking_code": "DUgcHXvONuSNbiqEphWwsjYBJYNqE6uW",
  "fields": [
    {
      "id": 1,
      "type": "String",
      "type_tracking_code": "String",
      "name": "name"
    },
    {
      "id": 2,
      "type": "Fruit",
      "type_tracking_code": "aVvYHJi6FEuMMc1VBpghBYzpYHgdBzgx",
      "name": "favoriteFruit"
    }
  ]
}
{
  "name": "Fruit",
  "tracking_code": "aVvYHJi6FEuMMc1VBpghBYzpYHgdBzgx",
  "fields": [
    {
      "id": 0,
      "type": "String",
      "type_tracking_code": "String",
      "name": "color"
    },
    {
      "id": 1,
      "type": "bool",
      "type_tracking_code": "bool",
      "name": "blub"
    },
    {
      "id": 2,
      "type": "int",
      "type_tracking_code": "int",
      "name": "amount"
    }
  ]
}
{
  "name": "FruitBowl",
  "tracking_code": "oTWO5bCjZVMDaypmX8wW7yNLkh70HMyz",
  "fields": [
    {
      "id": 0,
      "type": "List<Fruit>",
      "type_tracking_code": "List<Fruit>",
      "name": "fruits"
    }
  ]
}
